100 100 26
450 350 134
5798 20097 279
6738 7397 257
6490 14519 276
9763 4656 262
9419 13435 276
136 15347 276
218 3817 238
2505 16385 276
3918 281 238
5921 13899 276
3706 15999 276
4446 15092 276
7329 4275 262
4194 7792 262
9575 1600 262
7230 6411 257
2884 488 209
1212 15906 276
3340 4269 238
4372 18017 279
6144 19004 279
9922 9273 242
5581 20161 279
2502 23220 279
6831 13005 268
5984 17527 276
2737 7620 262
7980 18906 279
2240 1861 183
2077 14944 276
7070 2413 262
1514 15388 276
248 3576 217
4539 9764 262
5483 23106 279
9616 18164 279
3761 18223 279
9515 9112 260
5008 12503 268
2843 8367 262
305 8119 262
9663 12224 268
7947 15094 276
5918 3451 238
107 2244 183
7864 9729 260
5725 18248 279
8427 15916 276
4154 3133 238
791 21727 279
6149 13630 276
5964 13872 276
416 14423 276
3922 15546 276
1603 16429 276
6224 19255 279
616 11431 268
6296 19510 279
5601 2541 238
9012 5088 262
1708 23447 279
6992 11764 268
9596 995 262
2688 13376 276
3309 147 217
7208 2032 262
6724 16741 276
8619 15816 276
936 8947 262
8821 11991 268
7457 13449 276
5107 9202 262
3824 15953 276
6637 12017 268
6234 11953 268
2850 10203 262
8104 9524 260
8723 4835 262
1705 16091 276
5307 6659 262
3257 22204 279
811 20262 279
6398 4755 262
3644 15692 276
5773 3811 236
6059 14436 276
5693 1727 238
9579 23298 279
6302 9397 260
1080 2304 183
1474 6799 262
2121 11723 268
1243 3841 238
8586 1548 262
2566 12615 268
4446 13015 268
7990 18361 279
8025 20046 279
